2017-10-12 20:59:57  [ io.netty.util.internal.logging.InternalLoggerFactory.<clinit>(InternalLoggerFactory.java:45) ] - [ DEBUG ]  
Using Log4J as the default logging framework2017-10-12 20:59:57  [ io.netty.channel.MultithreadEventLoopGroup.<clinit>(MultithreadEventLoopGroup.java:43) ] - [ DEBUG ]  
-Dio.netty.eventLoopThreads: 82017-10-12 20:59:57  [ io.netty.channel.nio.NioEventLoop.<clinit>(NioEventLoop.java:88) ] - [ DEBUG ]  
-Dio.netty.noKeySetOptimization: false2017-10-12 20:59:57  [ io.netty.channel.nio.NioEventLoop.<clinit>(NioEventLoop.java:89) ] - [ DEBUG ]  
-Dio.netty.selectorAutoRebuildThreshold: 5122017-10-12 20:59:58  [ io.netty.channel.DefaultChannelId.<clinit>(DefaultChannelId.java:75) ] - [ DEBUG ]  
-Dio.netty.machineId: 80:fa:5b:1b:6e:9e:00:00 (auto-detected)2017-10-12 20:59:58  [ io.netty.channel.DefaultChannelId.<clinit>(DefaultChannelId.java:101) ] - [ DEBUG ]  
-Dio.netty.processId: 3784 (auto-detected)2017-10-12 20:59:58  [ io.netty.util.internal.ThreadLocalRandom.newSeed(ThreadLocalRandom.java:138) ] - [ DEBUG ]  
-Dio.netty.initialSeedUniquifier: 0x740e01c14e48f8402017-10-12 20:59:58  [ io.netty.channel.ChannelOutboundBuffer.<clinit>(ChannelOutboundBuffer.java:55) ] - [ DEBUG ]  
-Dio.netty.threadLocalDirectBufferSize: 655362017-10-12 20:59:58  [ io.netty.util.internal.PlatformDependent.isWindows0(PlatformDependent.java:317) ] - [ DEBUG ]  
Platform: Windows2017-10-12 20:59:58  [ io.netty.util.internal.PlatformDependent.javaVersion0(PlatformDependent.java:447) ] - [ DEBUG ]  
Java version: 82017-10-12 20:59:58  [ io.netty.util.internal.PlatformDependent.hasUnsafe0(PlatformDependent.java:454) ] - [ DEBUG ]  
-Dio.netty.noUnsafe: false2017-10-12 20:59:58  [ io.netty.util.internal.PlatformDependent0.<clinit>(PlatformDependent0.java:61) ] - [ DEBUG ]  
java.nio.ByteBuffer.cleaner: available2017-10-12 20:59:58  [ io.netty.util.internal.PlatformDependent0.<clinit>(PlatformDependent0.java:80) ] - [ DEBUG ]  
java.nio.Buffer.address: available2017-10-12 20:59:58  [ io.netty.util.internal.PlatformDependent0.<clinit>(PlatformDependent0.java:88) ] - [ DEBUG ]  
sun.misc.Unsafe.theUnsafe: available2017-10-12 20:59:58  [ io.netty.util.internal.PlatformDependent0.<clinit>(PlatformDependent0.java:98) ] - [ DEBUG ]  
sun.misc.Unsafe.copyMemory: available2017-10-12 20:59:58  [ io.netty.util.internal.PlatformDependent0.<clinit>(PlatformDependent0.java:138) ] - [ DEBUG ]  
java.nio.Bits.unaligned: true2017-10-12 20:59:58  [ io.netty.util.internal.PlatformDependent.hasUnsafe0(PlatformDependent.java:481) ] - [ DEBUG ]  
sun.misc.Unsafe: available2017-10-12 20:59:58  [ io.netty.util.internal.PlatformDependent.hasJavassist0(PlatformDependent.java:559) ] - [ DEBUG ]  
-Dio.netty.noJavassist: false2017-10-12 20:59:58  [ io.netty.util.internal.PlatformDependent.hasJavassist0(PlatformDependent.java:571) ] - [ DEBUG ]  
Javassist: unavailable2017-10-12 20:59:58  [ io.netty.util.internal.PlatformDependent.hasJavassist0(PlatformDependent.java:572) ] - [ DEBUG ]  
You don't have Javassist in your class path or you don't have enough permission to load dynamically generated classes.  Please check the configuration for better performance.2017-10-12 20:59:58  [ io.netty.util.internal.PlatformDependent.<clinit>(PlatformDependent.java:76) ] - [ DEBUG ]  
-Dio.netty.noPreferDirect: false2017-10-12 20:59:58  [ io.netty.util.NetUtil.<clinit>(NetUtil.java:100) ] - [ DEBUG ]  
Loopback interface: Software Loopback Interface 12017-10-12 20:59:58  [ io.netty.util.NetUtil.<clinit>(NetUtil.java:105) ] - [ DEBUG ]  
Loopback address: /127.0.0.1 (primary)2017-10-12 20:59:58  [ io.netty.util.NetUtil.<clinit>(NetUtil.java:108) ] - [ DEBUG ]  
Loopback address: /0:0:0:0:0:0:0:12017-10-12 21:00:05  [ io.netty.util.ResourceLeakDetector.<clinit>(ResourceLeakDetector.java:79) ] - [ DEBUG ]  
-Dio.netty.leakDetectionLevel: simple2017-10-12 21:00:06  [ priv.sen.server.MyServerHandler.channelRead(MyServerHandler.java:93) ] - [ DEBUG ]  
刘德华2017-10-12 21:00:10  [ priv.sen.server.MyServerHandler.channelRead(MyServerHandler.java:93) ] - [ DEBUG ]  
1232017-10-12 21:00:10  [ priv.sen.serviece.M_YHServiece.handlerMessage(M_YHServiece.java:23) ] - [ DEBUG ]  
查选用户的sql语句是：select U_NAME,U_PASSWORD from M_YH2017-10-12 21:00:11  [ priv.sen.server.MyServerHandler.channelRead(MyServerHandler.java:93) ] - [ DEBUG ]  
1232017-10-12 21:00:11  [ priv.sen.serviece.M_YHServiece.handlerMessage(M_YHServiece.java:23) ] - [ DEBUG ]  
查选用户的sql语句是：select U_NAME,U_PASSWORD from M_YH2017-10-12 21:00:11  [ priv.sen.server.MyServerHandler.channelRead(MyServerHandler.java:93) ] - [ DEBUG ]  
刘德华2017-10-12 21:00:29  [ priv.sen.server.MyServerHandler.channelRead(MyServerHandler.java:93) ] - [ DEBUG ]  
刘德华2017-10-12 21:00:29  [ priv.sen.serviece.W_ZTTBServiece.handlerMessage(W_ZTTBServiece.java:23) ] - [ DEBUG ]  
加载我的贴吧的sql语句是:select * from M_ZTTB where U_NAME = '刘德华' order by U_DATE2017-10-12 21:00:29  [ priv.sen.server.MyServerHandler.channelRead(MyServerHandler.java:93) ] - [ DEBUG ]  
刘德华2017-10-12 21:00:29  [ priv.sen.server.MyServerHandler.channelRead(MyServerHandler.java:93) ] - [ DEBUG ]  
刘德华2017-10-12 21:00:32  [ priv.sen.server.MyServerHandler.channelRead(MyServerHandler.java:93) ] - [ DEBUG ]  
刘德华2017-10-12 21:00:32  [ priv.sen.server.MyServerHandler.channelRead(MyServerHandler.java:93) ] - [ DEBUG ]  
刘德华2017-10-12 21:00:35  [ priv.sen.server.MyServerHandler.channelRead(MyServerHandler.java:93) ] - [ DEBUG ]  
刘德华2017-10-12 21:00:35  [ priv.sen.serviece.W_TZServiece.handlerMessage(W_TZServiece.java:23) ] - [ DEBUG ]  
加载我的帖子的sql语句是:select * from fatie where U_NAME = '刘德华' order by FA_TIE_DATE2017-10-12 21:00:40  [ priv.sen.server.MyServerHandler.channelRead(MyServerHandler.java:93) ] - [ DEBUG ]  
海南吧2017-10-12 21:00:40  [ priv.sen.serviece.M_TZServiece.handlerMessage(M_TZServiece.java:28) ] - [ DEBUG ]  
select * from fatie where TBZT = '海南吧' order by FA_TIE_DATE2017-10-12 21:00:40  [ priv.sen.serviece.M_TZServiece.handlerMessage(M_TZServiece.java:30) ] - [ DEBUG ]  
[]2017-10-12 21:00:40  [ priv.sen.server.MyServerHandler.channelRead(MyServerHandler.java:93) ] - [ DEBUG ]  
刘德华2017-10-12 21:00:43  [ priv.sen.server.MyServerHandler.channelRead(MyServerHandler.java:93) ] - [ DEBUG ]  
刘德华2017-10-12 21:00:43  [ priv.sen.serviece.W_HFServiece.handlerMessage(W_HFServiece.java:23) ] - [ DEBUG ]  
加载我的回复的sql语句是:select * from huifu where U_NAME = '刘德华' order by HUI_FU_DATE2017-10-12 21:00:43  [ priv.sen.server.MyServerHandler.channelRead(MyServerHandler.java:93) ] - [ DEBUG ]  
刘德华2017-10-12 21:00:47  [ priv.sen.server.MyServerHandler.channelRead(MyServerHandler.java:93) ] - [ DEBUG ]  
湖南吧2017-10-12 21:00:47  [ priv.sen.serviece.M_TZServiece.handlerMessage(M_TZServiece.java:28) ] - [ DEBUG ]  
select * from fatie where TBZT = '湖南吧' order by FA_TIE_DATE2017-10-12 21:00:47  [ priv.sen.serviece.M_TZServiece.handlerMessage(M_TZServiece.java:30) ] - [ DEBUG ]  
[{FA_TIE_DATE=2017-10-10 16:21:04, ZW=各位亲爱的小伙伴们：
大家好！欢迎来到百度湖南吧。

湖南吧作为一个交流与讨论平台，每个吧友来自不同的城市，文化差异有所不同，各地方特色也不一样！
请大家文明交流，和谐发展，互相尊重，尊重别人就是尊重自己！
请对自己的言论和行为负责，掌握好分寸，凡事有个度！
请各位吧友发贴前详读以下内容，以免被删帖封号！, U_NAME=刘德华, TBZT=湖南吧, TZBT=【公告】湖南吧吧规及吧务导航}]2017-10-12 21:00:47  [ priv.sen.server.MyServerHandler.channelRead(MyServerHandler.java:93) ] - [ DEBUG ]  
刘德华2017-10-12 21:00:49  [ priv.sen.server.MyServerHandler.channelRead(MyServerHandler.java:93) ] - [ DEBUG ]  
湖南吧2017-10-12 21:00:49  [ priv.sen.serviece.M_NRServiece2.handlerMessage(M_NRServiece2.java:28) ] - [ DEBUG ]  
select U_NAME,HUI_FU_DATE,HF from huifu where TBZT = '湖南吧' and TZBT = '【公告】湖南吧吧规及吧务导航' order by HUI_FU_DATE2017-10-12 21:00:49  [ priv.sen.serviece.M_NRServiece2.handlerMessage(M_NRServiece2.java:30) ] - [ DEBUG ]  
[{HUI_FU_DATE=2017-10-10 16:24:31, U_NAME=李云龙, HF=尊重自己，尊重他人。文明发贴。健康交流}, {HUI_FU_DATE=2017-10-10 17:27:11, U_NAME=刘德华, HF=二楼}, {HUI_FU_DATE=2017-10-11 19:11:33, U_NAME=刘德华, HF=三楼}, {HUI_FU_DATE=2017-10-11 19:11:56, U_NAME=刘德华, HF=四楼}, {HUI_FU_DATE=2017-10-11 19:13:54, U_NAME=刘德华, HF=五楼}, {HUI_FU_DATE=2017-10-11 19:14:08, U_NAME=刘德华, HF=六楼}, {HUI_FU_DATE=2017-10-11 19:14:59, U_NAME=刘德华, HF=请大家文明交流，和谐发展，互相尊重，尊重别人就是尊重自己！
请对自己的言论和行为负责，掌握好分寸，凡事有个度！
请各位吧友发贴前详读以下内容，以免被删帖封号！}, {HUI_FU_DATE=2017-10-11 19:50:27, U_NAME=刘德华, HF=我是八楼}, {HUI_FU_DATE=2017-10-11 20:19:00, U_NAME=刘德华, HF=我是九楼}, {HUI_FU_DATE=2017-10-11 21:05:23, U_NAME=刘德华, HF=我是10楼}, {HUI_FU_DATE=2017-10-11 21:21:02, U_NAME=刘德华, HF=我是12楼}, {HUI_FU_DATE=2017-10-11 21:21:44, U_NAME=李云龙, HF=我是14楼}, {HUI_FU_DATE=2017-10-11 21:22:13, U_NAME=刘德华, HF=我是刘德华}, {HUI_FU_DATE=2017-10-11 21:50:45, U_NAME=刘德华, HF=请大家文明交流，和谐发展，互相尊重，尊重别人就是尊重自己！
请对自己的言论和行为负责，掌握好分寸，凡事有个度！
请各位吧友发贴前详读以下内容，以免被删帖封号！}, {HUI_FU_DATE=2017-10-11 22:16:04, U_NAME=刘德华, HF=我是刘德华}]2017-10-12 21:00:49  [ priv.sen.server.MyServerHandler.channelRead(MyServerHandler.java:93) ] - [ DEBUG ]  
湖南吧2017-10-12 21:00:49  [ priv.sen.serviece.M_NRServiece.handlerMessage(M_NRServiece.java:28) ] - [ DEBUG ]  
select ZW from fatie where TBZT = '湖南吧' and TZBT = '【公告】湖南吧吧规及吧务导航'2017-10-12 21:00:49  [ priv.sen.serviece.M_NRServiece.handlerMessage(M_NRServiece.java:30) ] - [ DEBUG ]  
[{ZW=各位亲爱的小伙伴们：
大家好！欢迎来到百度湖南吧。

湖南吧作为一个交流与讨论平台，每个吧友来自不同的城市，文化差异有所不同，各地方特色也不一样！
请大家文明交流，和谐发展，互相尊重，尊重别人就是尊重自己！
请对自己的言论和行为负责，掌握好分寸，凡事有个度！
请各位吧友发贴前详读以下内容，以免被删帖封号！}]2017-10-12 21:00:49  [ priv.sen.server.MyServerHandler.channelRead(MyServerHandler.java:93) ] - [ DEBUG ]  
刘德华2017-10-12 21:00:50  [ priv.sen.server.MyServerHandler.channelRead(MyServerHandler.java:93) ] - [ DEBUG ]  
刘德华2017-10-12 21:00:58  [ priv.sen.server.MyServerHandler.channelRead(MyServerHandler.java:93) ] - [ DEBUG ]  
湖南吧2017-10-12 21:00:58  [ priv.sen.serviece.C_HFServiece.handlerMessage(C_HFServiece.java:35) ] - [ DEBUG ]  
插入回复帖子的sql语句是：insert into huifu (TBZT,TZBT,U_NAME,HUI_FU_DATE,HF) values ('湖南吧','【公告】湖南吧吧规及吧务导航','刘德华','2017-10-12 21:00:58','我是刘德华')2017-10-12 21:00:59  [ priv.sen.server.MyServerHandler.channelRead(MyServerHandler.java:93) ] - [ DEBUG ]  
湖南吧2017-10-12 21:00:59  [ priv.sen.serviece.M_NRServiece2.handlerMessage(M_NRServiece2.java:28) ] - [ DEBUG ]  
select U_NAME,HUI_FU_DATE,HF from huifu where TBZT = '湖南吧' and TZBT = '【公告】湖南吧吧规及吧务导航' order by HUI_FU_DATE2017-10-12 21:00:59  [ priv.sen.serviece.M_NRServiece2.handlerMessage(M_NRServiece2.java:30) ] - [ DEBUG ]  
[{HUI_FU_DATE=2017-10-10 16:24:31, U_NAME=李云龙, HF=尊重自己，尊重他人。文明发贴。健康交流}, {HUI_FU_DATE=2017-10-10 17:27:11, U_NAME=刘德华, HF=二楼}, {HUI_FU_DATE=2017-10-11 19:11:33, U_NAME=刘德华, HF=三楼}, {HUI_FU_DATE=2017-10-11 19:11:56, U_NAME=刘德华, HF=四楼}, {HUI_FU_DATE=2017-10-11 19:13:54, U_NAME=刘德华, HF=五楼}, {HUI_FU_DATE=2017-10-11 19:14:08, U_NAME=刘德华, HF=六楼}, {HUI_FU_DATE=2017-10-11 19:14:59, U_NAME=刘德华, HF=请大家文明交流，和谐发展，互相尊重，尊重别人就是尊重自己！
请对自己的言论和行为负责，掌握好分寸，凡事有个度！
请各位吧友发贴前详读以下内容，以免被删帖封号！}, {HUI_FU_DATE=2017-10-11 19:50:27, U_NAME=刘德华, HF=我是八楼}, {HUI_FU_DATE=2017-10-11 20:19:00, U_NAME=刘德华, HF=我是九楼}, {HUI_FU_DATE=2017-10-11 21:05:23, U_NAME=刘德华, HF=我是10楼}, {HUI_FU_DATE=2017-10-11 21:21:02, U_NAME=刘德华, HF=我是12楼}, {HUI_FU_DATE=2017-10-11 21:21:44, U_NAME=李云龙, HF=我是14楼}, {HUI_FU_DATE=2017-10-11 21:22:13, U_NAME=刘德华, HF=我是刘德华}, {HUI_FU_DATE=2017-10-11 21:50:45, U_NAME=刘德华, HF=请大家文明交流，和谐发展，互相尊重，尊重别人就是尊重自己！
请对自己的言论和行为负责，掌握好分寸，凡事有个度！
请各位吧友发贴前详读以下内容，以免被删帖封号！}, {HUI_FU_DATE=2017-10-11 22:16:04, U_NAME=刘德华, HF=我是刘德华}, {HUI_FU_DATE=2017-10-12 21:00:58, U_NAME=刘德华, HF=我是刘德华}]2017-10-12 21:09:07  [ priv.sen.server.MyServerHandler.channelRead(MyServerHandler.java:93) ] - [ DEBUG ]  
刘德华2017-10-12 21:09:15  [ priv.sen.server.MyServerHandler.channelRead(MyServerHandler.java:93) ] - [ DEBUG ]  
1234562017-10-12 21:09:15  [ priv.sen.serviece.M_YHServiece.handlerMessage(M_YHServiece.java:23) ] - [ DEBUG ]  
查选用户的sql语句是：select U_NAME,U_PASSWORD from M_YH2017-10-12 21:09:15  [ priv.sen.server.MyServerHandler.channelRead(MyServerHandler.java:93) ] - [ DEBUG ]  
1234562017-10-12 21:09:15  [ priv.sen.serviece.M_YHServiece.handlerMessage(M_YHServiece.java:23) ] - [ DEBUG ]  
查选用户的sql语句是：select U_NAME,U_PASSWORD from M_YH2017-10-12 21:09:16  [ priv.sen.server.MyServerHandler.channelRead(MyServerHandler.java:93) ] - [ DEBUG ]  
刘德华2017-10-12 21:09:18  [ priv.sen.server.MyServerHandler.channelRead(MyServerHandler.java:93) ] - [ DEBUG ]  
湖南吧2017-10-12 21:09:18  [ priv.sen.serviece.M_TZServiece.handlerMessage(M_TZServiece.java:28) ] - [ DEBUG ]  
select * from fatie where TBZT = '湖南吧' order by FA_TIE_DATE2017-10-12 21:09:18  [ priv.sen.serviece.M_TZServiece.handlerMessage(M_TZServiece.java:30) ] - [ DEBUG ]  
[{FA_TIE_DATE=2017-10-10 16:21:04, ZW=各位亲爱的小伙伴们：
大家好！欢迎来到百度湖南吧。

湖南吧作为一个交流与讨论平台，每个吧友来自不同的城市，文化差异有所不同，各地方特色也不一样！
请大家文明交流，和谐发展，互相尊重，尊重别人就是尊重自己！
请对自己的言论和行为负责，掌握好分寸，凡事有个度！
请各位吧友发贴前详读以下内容，以免被删帖封号！, U_NAME=刘德华, TBZT=湖南吧, TZBT=【公告】湖南吧吧规及吧务导航}]2017-10-12 21:09:18  [ priv.sen.server.MyServerHandler.channelRead(MyServerHandler.java:93) ] - [ DEBUG ]  
刘德华2017-10-12 21:09:19  [ priv.sen.server.MyServerHandler.channelRead(MyServerHandler.java:93) ] - [ DEBUG ]  
湖南吧2017-10-12 21:09:19  [ priv.sen.serviece.M_NRServiece2.handlerMessage(M_NRServiece2.java:28) ] - [ DEBUG ]  
select U_NAME,HUI_FU_DATE,HF from huifu where TBZT = '湖南吧' and TZBT = '【公告】湖南吧吧规及吧务导航' order by HUI_FU_DATE2017-10-12 21:09:19  [ priv.sen.serviece.M_NRServiece2.handlerMessage(M_NRServiece2.java:30) ] - [ DEBUG ]  
[{HUI_FU_DATE=2017-10-10 16:24:31, U_NAME=李云龙, HF=尊重自己，尊重他人。文明发贴。健康交流}, {HUI_FU_DATE=2017-10-10 17:27:11, U_NAME=刘德华, HF=二楼}, {HUI_FU_DATE=2017-10-11 19:11:33, U_NAME=刘德华, HF=三楼}, {HUI_FU_DATE=2017-10-11 19:11:56, U_NAME=刘德华, HF=四楼}, {HUI_FU_DATE=2017-10-11 19:13:54, U_NAME=刘德华, HF=五楼}, {HUI_FU_DATE=2017-10-11 19:14:08, U_NAME=刘德华, HF=六楼}, {HUI_FU_DATE=2017-10-11 19:14:59, U_NAME=刘德华, HF=请大家文明交流，和谐发展，互相尊重，尊重别人就是尊重自己！
请对自己的言论和行为负责，掌握好分寸，凡事有个度！
请各位吧友发贴前详读以下内容，以免被删帖封号！}, {HUI_FU_DATE=2017-10-11 19:50:27, U_NAME=刘德华, HF=我是八楼}, {HUI_FU_DATE=2017-10-11 20:19:00, U_NAME=刘德华, HF=我是九楼}, {HUI_FU_DATE=2017-10-11 21:05:23, U_NAME=刘德华, HF=我是10楼}, {HUI_FU_DATE=2017-10-11 21:21:02, U_NAME=刘德华, HF=我是12楼}, {HUI_FU_DATE=2017-10-11 21:21:44, U_NAME=李云龙, HF=我是14楼}, {HUI_FU_DATE=2017-10-11 21:22:13, U_NAME=刘德华, HF=我是刘德华}, {HUI_FU_DATE=2017-10-11 21:50:45, U_NAME=刘德华, HF=请大家文明交流，和谐发展，互相尊重，尊重别人就是尊重自己！
请对自己的言论和行为负责，掌握好分寸，凡事有个度！
请各位吧友发贴前详读以下内容，以免被删帖封号！}, {HUI_FU_DATE=2017-10-11 22:16:04, U_NAME=刘德华, HF=我是刘德华}, {HUI_FU_DATE=2017-10-12 21:00:58, U_NAME=刘德华, HF=我是刘德华}]2017-10-12 21:09:19  [ priv.sen.server.MyServerHandler.channelRead(MyServerHandler.java:93) ] - [ DEBUG ]  
湖南吧2017-10-12 21:09:19  [ priv.sen.serviece.M_NRServiece.handlerMessage(M_NRServiece.java:28) ] - [ DEBUG ]  
select ZW from fatie where TBZT = '湖南吧' and TZBT = '【公告】湖南吧吧规及吧务导航'2017-10-12 21:09:19  [ priv.sen.serviece.M_NRServiece.handlerMessage(M_NRServiece.java:30) ] - [ DEBUG ]  
[{ZW=各位亲爱的小伙伴们：
大家好！欢迎来到百度湖南吧。

湖南吧作为一个交流与讨论平台，每个吧友来自不同的城市，文化差异有所不同，各地方特色也不一样！
请大家文明交流，和谐发展，互相尊重，尊重别人就是尊重自己！
请对自己的言论和行为负责，掌握好分寸，凡事有个度！
请各位吧友发贴前详读以下内容，以免被删帖封号！}]2017-10-12 21:09:19  [ priv.sen.server.MyServerHandler.channelRead(MyServerHandler.java:93) ] - [ DEBUG ]  
刘德华2017-10-12 21:09:19  [ priv.sen.server.MyServerHandler.channelRead(MyServerHandler.java:93) ] - [ DEBUG ]  
刘德华2017-10-12 21:09:30  [ priv.sen.server.MyServerHandler.channelRead(MyServerHandler.java:93) ] - [ DEBUG ]  
湖南吧2017-10-12 21:09:30  [ priv.sen.serviece.C_HFServiece.handlerMessage(C_HFServiece.java:35) ] - [ DEBUG ]  
插入回复帖子的sql语句是：insert into huifu (TBZT,TZBT,U_NAME,HUI_FU_DATE,HF) values ('湖南吧','【公告】湖南吧吧规及吧务导航','刘德华','2017-10-12 21:09:30','我是刘德华')2017-10-12 21:09:31  [ priv.sen.server.MyServerHandler.channelRead(MyServerHandler.java:93) ] - [ DEBUG ]  
湖南吧2017-10-12 21:09:31  [ priv.sen.serviece.M_NRServiece2.handlerMessage(M_NRServiece2.java:28) ] - [ DEBUG ]  
select U_NAME,HUI_FU_DATE,HF from huifu where TBZT = '湖南吧' and TZBT = '【公告】湖南吧吧规及吧务导航' order by HUI_FU_DATE2017-10-12 21:09:31  [ priv.sen.serviece.M_NRServiece2.handlerMessage(M_NRServiece2.java:30) ] - [ DEBUG ]  
[{HUI_FU_DATE=2017-10-10 16:24:31, U_NAME=李云龙, HF=尊重自己，尊重他人。文明发贴。健康交流}, {HUI_FU_DATE=2017-10-10 17:27:11, U_NAME=刘德华, HF=二楼}, {HUI_FU_DATE=2017-10-11 19:11:33, U_NAME=刘德华, HF=三楼}, {HUI_FU_DATE=2017-10-11 19:11:56, U_NAME=刘德华, HF=四楼}, {HUI_FU_DATE=2017-10-11 19:13:54, U_NAME=刘德华, HF=五楼}, {HUI_FU_DATE=2017-10-11 19:14:08, U_NAME=刘德华, HF=六楼}, {HUI_FU_DATE=2017-10-11 19:14:59, U_NAME=刘德华, HF=请大家文明交流，和谐发展，互相尊重，尊重别人就是尊重自己！
请对自己的言论和行为负责，掌握好分寸，凡事有个度！
请各位吧友发贴前详读以下内容，以免被删帖封号！}, {HUI_FU_DATE=2017-10-11 19:50:27, U_NAME=刘德华, HF=我是八楼}, {HUI_FU_DATE=2017-10-11 20:19:00, U_NAME=刘德华, HF=我是九楼}, {HUI_FU_DATE=2017-10-11 21:05:23, U_NAME=刘德华, HF=我是10楼}, {HUI_FU_DATE=2017-10-11 21:21:02, U_NAME=刘德华, HF=我是12楼}, {HUI_FU_DATE=2017-10-11 21:21:44, U_NAME=李云龙, HF=我是14楼}, {HUI_FU_DATE=2017-10-11 21:22:13, U_NAME=刘德华, HF=我是刘德华}, {HUI_FU_DATE=2017-10-11 21:50:45, U_NAME=刘德华, HF=请大家文明交流，和谐发展，互相尊重，尊重别人就是尊重自己！
请对自己的言论和行为负责，掌握好分寸，凡事有个度！
请各位吧友发贴前详读以下内容，以免被删帖封号！}, {HUI_FU_DATE=2017-10-11 22:16:04, U_NAME=刘德华, HF=我是刘德华}, {HUI_FU_DATE=2017-10-12 21:00:58, U_NAME=刘德华, HF=我是刘德华}, {HUI_FU_DATE=2017-10-12 21:09:30, U_NAME=刘德华, HF=我是刘德华}]2017-10-12 21:09:33  [ priv.sen.server.MyServerHandler.channelRead(MyServerHandler.java:93) ] - [ DEBUG ]  
湖南吧2017-10-12 21:09:33  [ priv.sen.serviece.M_NRServiece2.handlerMessage(M_NRServiece2.java:28) ] - [ DEBUG ]  
select U_NAME,HUI_FU_DATE,HF from huifu where TBZT = '湖南吧' and TZBT = '【公告】湖南吧吧规及吧务导航' order by HUI_FU_DATE2017-10-12 21:09:33  [ priv.sen.serviece.M_NRServiece2.handlerMessage(M_NRServiece2.java:30) ] - [ DEBUG ]  
[{HUI_FU_DATE=2017-10-10 16:24:31, U_NAME=李云龙, HF=尊重自己，尊重他人。文明发贴。健康交流}, {HUI_FU_DATE=2017-10-10 17:27:11, U_NAME=刘德华, HF=二楼}, {HUI_FU_DATE=2017-10-11 19:11:33, U_NAME=刘德华, HF=三楼}, {HUI_FU_DATE=2017-10-11 19:11:56, U_NAME=刘德华, HF=四楼}, {HUI_FU_DATE=2017-10-11 19:13:54, U_NAME=刘德华, HF=五楼}, {HUI_FU_DATE=2017-10-11 19:14:08, U_NAME=刘德华, HF=六楼}, {HUI_FU_DATE=2017-10-11 19:14:59, U_NAME=刘德华, HF=请大家文明交流，和谐发展，互相尊重，尊重别人就是尊重自己！
请对自己的言论和行为负责，掌握好分寸，凡事有个度！
请各位吧友发贴前详读以下内容，以免被删帖封号！}, {HUI_FU_DATE=2017-10-11 19:50:27, U_NAME=刘德华, HF=我是八楼}, {HUI_FU_DATE=2017-10-11 20:19:00, U_NAME=刘德华, HF=我是九楼}, {HUI_FU_DATE=2017-10-11 21:05:23, U_NAME=刘德华, HF=我是10楼}, {HUI_FU_DATE=2017-10-11 21:21:02, U_NAME=刘德华, HF=我是12楼}, {HUI_FU_DATE=2017-10-11 21:21:44, U_NAME=李云龙, HF=我是14楼}, {HUI_FU_DATE=2017-10-11 21:22:13, U_NAME=刘德华, HF=我是刘德华}, {HUI_FU_DATE=2017-10-11 21:50:45, U_NAME=刘德华, HF=请大家文明交流，和谐发展，互相尊重，尊重别人就是尊重自己！
请对自己的言论和行为负责，掌握好分寸，凡事有个度！
请各位吧友发贴前详读以下内容，以免被删帖封号！}, {HUI_FU_DATE=2017-10-11 22:16:04, U_NAME=刘德华, HF=我是刘德华}, {HUI_FU_DATE=2017-10-12 21:00:58, U_NAME=刘德华, HF=我是刘德华}, {HUI_FU_DATE=2017-10-12 21:09:30, U_NAME=刘德华, HF=我是刘德华}]2017-10-12 21:09:34  [ priv.sen.server.MyServerHandler.channelRead(MyServerHandler.java:93) ] - [ DEBUG ]  
湖南吧2017-10-12 21:09:34  [ priv.sen.serviece.M_NRServiece2.handlerMessage(M_NRServiece2.java:28) ] - [ DEBUG ]  
select U_NAME,HUI_FU_DATE,HF from huifu where TBZT = '湖南吧' and TZBT = '【公告】湖南吧吧规及吧务导航' order by HUI_FU_DATE2017-10-12 21:09:34  [ priv.sen.serviece.M_NRServiece2.handlerMessage(M_NRServiece2.java:30) ] - [ DEBUG ]  
[{HUI_FU_DATE=2017-10-10 16:24:31, U_NAME=李云龙, HF=尊重自己，尊重他人。文明发贴。健康交流}, {HUI_FU_DATE=2017-10-10 17:27:11, U_NAME=刘德华, HF=二楼}, {HUI_FU_DATE=2017-10-11 19:11:33, U_NAME=刘德华, HF=三楼}, {HUI_FU_DATE=2017-10-11 19:11:56, U_NAME=刘德华, HF=四楼}, {HUI_FU_DATE=2017-10-11 19:13:54, U_NAME=刘德华, HF=五楼}, {HUI_FU_DATE=2017-10-11 19:14:08, U_NAME=刘德华, HF=六楼}, {HUI_FU_DATE=2017-10-11 19:14:59, U_NAME=刘德华, HF=请大家文明交流，和谐发展，互相尊重，尊重别人就是尊重自己！
请对自己的言论和行为负责，掌握好分寸，凡事有个度！
请各位吧友发贴前详读以下内容，以免被删帖封号！}, {HUI_FU_DATE=2017-10-11 19:50:27, U_NAME=刘德华, HF=我是八楼}, {HUI_FU_DATE=2017-10-11 20:19:00, U_NAME=刘德华, HF=我是九楼}, {HUI_FU_DATE=2017-10-11 21:05:23, U_NAME=刘德华, HF=我是10楼}, {HUI_FU_DATE=2017-10-11 21:21:02, U_NAME=刘德华, HF=我是12楼}, {HUI_FU_DATE=2017-10-11 21:21:44, U_NAME=李云龙, HF=我是14楼}, {HUI_FU_DATE=2017-10-11 21:22:13, U_NAME=刘德华, HF=我是刘德华}, {HUI_FU_DATE=2017-10-11 21:50:45, U_NAME=刘德华, HF=请大家文明交流，和谐发展，互相尊重，尊重别人就是尊重自己！
请对自己的言论和行为负责，掌握好分寸，凡事有个度！
请各位吧友发贴前详读以下内容，以免被删帖封号！}, {HUI_FU_DATE=2017-10-11 22:16:04, U_NAME=刘德华, HF=我是刘德华}, {HUI_FU_DATE=2017-10-12 21:00:58, U_NAME=刘德华, HF=我是刘德华}, {HUI_FU_DATE=2017-10-12 21:09:30, U_NAME=刘德华, HF=我是刘德华}]2017-10-12 21:09:39  [ priv.sen.server.MyServerHandler.channelRead(MyServerHandler.java:93) ] - [ DEBUG ]  
湖南吧2017-10-12 21:09:39  [ priv.sen.serviece.C_HFServiece.handlerMessage(C_HFServiece.java:35) ] - [ DEBUG ]  
插入回复帖子的sql语句是：insert into huifu (TBZT,TZBT,U_NAME,HUI_FU_DATE,HF) values ('湖南吧','【公告】湖南吧吧规及吧务导航','李云龙','2017-10-12 21:09:39','我是李云龙')2017-10-12 21:09:39  [ priv.sen.server.MyServerHandler.channelRead(MyServerHandler.java:93) ] - [ DEBUG ]  
湖南吧2017-10-12 21:09:39  [ priv.sen.serviece.C_HFServiece.handlerMessage(C_HFServiece.java:35) ] - [ DEBUG ]  
插入回复帖子的sql语句是：insert into huifu (TBZT,TZBT,U_NAME,HUI_FU_DATE,HF) values ('湖南吧','【公告】湖南吧吧规及吧务导航','李云龙','2017-10-12 21:09:39','我是李云龙')2017-10-12 21:09:46  [ priv.sen.server.MyServerHandler.channelRead(MyServerHandler.java:93) ] - [ DEBUG ]  
湖南吧2017-10-12 21:09:46  [ priv.sen.serviece.M_NRServiece2.handlerMessage(M_NRServiece2.java:28) ] - [ DEBUG ]  
select U_NAME,HUI_FU_DATE,HF from huifu where TBZT = '湖南吧' and TZBT = '【公告】湖南吧吧规及吧务导航' order by HUI_FU_DATE2017-10-12 21:09:46  [ priv.sen.serviece.M_NRServiece2.handlerMessage(M_NRServiece2.java:30) ] - [ DEBUG ]  
[{HUI_FU_DATE=2017-10-10 16:24:31, U_NAME=李云龙, HF=尊重自己，尊重他人。文明发贴。健康交流}, {HUI_FU_DATE=2017-10-10 17:27:11, U_NAME=刘德华, HF=二楼}, {HUI_FU_DATE=2017-10-11 19:11:33, U_NAME=刘德华, HF=三楼}, {HUI_FU_DATE=2017-10-11 19:11:56, U_NAME=刘德华, HF=四楼}, {HUI_FU_DATE=2017-10-11 19:13:54, U_NAME=刘德华, HF=五楼}, {HUI_FU_DATE=2017-10-11 19:14:08, U_NAME=刘德华, HF=六楼}, {HUI_FU_DATE=2017-10-11 19:14:59, U_NAME=刘德华, HF=请大家文明交流，和谐发展，互相尊重，尊重别人就是尊重自己！
请对自己的言论和行为负责，掌握好分寸，凡事有个度！
请各位吧友发贴前详读以下内容，以免被删帖封号！}, {HUI_FU_DATE=2017-10-11 19:50:27, U_NAME=刘德华, HF=我是八楼}, {HUI_FU_DATE=2017-10-11 20:19:00, U_NAME=刘德华, HF=我是九楼}, {HUI_FU_DATE=2017-10-11 21:05:23, U_NAME=刘德华, HF=我是10楼}, {HUI_FU_DATE=2017-10-11 21:21:02, U_NAME=刘德华, HF=我是12楼}, {HUI_FU_DATE=2017-10-11 21:21:44, U_NAME=李云龙, HF=我是14楼}, {HUI_FU_DATE=2017-10-11 21:22:13, U_NAME=刘德华, HF=我是刘德华}, {HUI_FU_DATE=2017-10-11 21:50:45, U_NAME=刘德华, HF=请大家文明交流，和谐发展，互相尊重，尊重别人就是尊重自己！
请对自己的言论和行为负责，掌握好分寸，凡事有个度！
请各位吧友发贴前详读以下内容，以免被删帖封号！}, {HUI_FU_DATE=2017-10-11 22:16:04, U_NAME=刘德华, HF=我是刘德华}, {HUI_FU_DATE=2017-10-12 21:00:58, U_NAME=刘德华, HF=我是刘德华}, {HUI_FU_DATE=2017-10-12 21:09:30, U_NAME=刘德华, HF=我是刘德华}, {HUI_FU_DATE=2017-10-12 21:09:39, U_NAME=李云龙, HF=我是李云龙}, {HUI_FU_DATE=2017-10-12 21:09:39, U_NAME=李云龙, HF=我是李云龙}]2017-10-12 21:12:00  [ priv.sen.server.MyServerHandler.channelRead(MyServerHandler.java:93) ] - [ DEBUG ]  
刘德华2017-10-12 21:12:06  [ priv.sen.server.MyServerHandler.channelRead(MyServerHandler.java:93) ] - [ DEBUG ]  
1232017-10-12 21:12:06  [ priv.sen.serviece.M_YHServiece.handlerMessage(M_YHServiece.java:23) ] - [ DEBUG ]  
查选用户的sql语句是：select U_NAME,U_PASSWORD from M_YH2017-10-12 21:12:06  [ priv.sen.server.MyServerHandler.channelRead(MyServerHandler.java:93) ] - [ DEBUG ]  
1232017-10-12 21:12:06  [ priv.sen.serviece.M_YHServiece.handlerMessage(M_YHServiece.java:23) ] - [ DEBUG ]  
查选用户的sql语句是：select U_NAME,U_PASSWORD from M_YH2017-10-12 21:12:06  [ priv.sen.server.MyServerHandler.channelRead(MyServerHandler.java:93) ] - [ DEBUG ]  
刘德华2017-10-12 21:12:18  [ priv.sen.server.MyServerHandler.channelRead(MyServerHandler.java:93) ] - [ DEBUG ]  
海南吧2017-10-12 21:12:18  [ priv.sen.serviece.M_TZServiece.handlerMessage(M_TZServiece.java:28) ] - [ DEBUG ]  
select * from fatie where TBZT = '海南吧' order by FA_TIE_DATE2017-10-12 21:12:18  [ priv.sen.serviece.M_TZServiece.handlerMessage(M_TZServiece.java:30) ] - [ DEBUG ]  
[]2017-10-12 21:12:18  [ priv.sen.server.MyServerHandler.channelRead(MyServerHandler.java:93) ] - [ DEBUG ]  
刘德华2017-10-12 21:12:20  [ priv.sen.server.MyServerHandler.channelRead(MyServerHandler.java:93) ] - [ DEBUG ]  
湖南吧2017-10-12 21:12:20  [ priv.sen.serviece.M_TZServiece.handlerMessage(M_TZServiece.java:28) ] - [ DEBUG ]  
select * from fatie where TBZT = '湖南吧' order by FA_TIE_DATE2017-10-12 21:12:20  [ priv.sen.serviece.M_TZServiece.handlerMessage(M_TZServiece.java:30) ] - [ DEBUG ]  
[{FA_TIE_DATE=2017-10-10 16:21:04, ZW=各位亲爱的小伙伴们：
大家好！欢迎来到百度湖南吧。

湖南吧作为一个交流与讨论平台，每个吧友来自不同的城市，文化差异有所不同，各地方特色也不一样！
请大家文明交流，和谐发展，互相尊重，尊重别人就是尊重自己！
请对自己的言论和行为负责，掌握好分寸，凡事有个度！
请各位吧友发贴前详读以下内容，以免被删帖封号！, U_NAME=刘德华, TBZT=湖南吧, TZBT=【公告】湖南吧吧规及吧务导航}]2017-10-12 21:12:21  [ priv.sen.server.MyServerHandler.channelRead(MyServerHandler.java:93) ] - [ DEBUG ]  
刘德华2017-10-12 21:12:22  [ priv.sen.server.MyServerHandler.channelRead(MyServerHandler.java:93) ] - [ DEBUG ]  
海南吧2017-10-12 21:12:22  [ priv.sen.serviece.M_TZServiece.handlerMessage(M_TZServiece.java:28) ] - [ DEBUG ]  
select * from fatie where TBZT = '海南吧' order by FA_TIE_DATE2017-10-12 21:12:22  [ priv.sen.serviece.M_TZServiece.handlerMessage(M_TZServiece.java:30) ] - [ DEBUG ]  
[]2017-10-12 21:12:22  [ priv.sen.server.MyServerHandler.channelRead(MyServerHandler.java:93) ] - [ DEBUG ]  
刘德华2017-10-12 21:12:28  [ priv.sen.server.MyServerHandler.channelRead(MyServerHandler.java:93) ] - [ DEBUG ]  
湖南吧2017-10-12 21:12:28  [ priv.sen.serviece.M_TZServiece.handlerMessage(M_TZServiece.java:28) ] - [ DEBUG ]  
select * from fatie where TBZT = '湖南吧' order by FA_TIE_DATE2017-10-12 21:12:28  [ priv.sen.serviece.M_TZServiece.handlerMessage(M_TZServiece.java:30) ] - [ DEBUG ]  
[{FA_TIE_DATE=2017-10-10 16:21:04, ZW=各位亲爱的小伙伴们：
大家好！欢迎来到百度湖南吧。

湖南吧作为一个交流与讨论平台，每个吧友来自不同的城市，文化差异有所不同，各地方特色也不一样！
请大家文明交流，和谐发展，互相尊重，尊重别人就是尊重自己！
请对自己的言论和行为负责，掌握好分寸，凡事有个度！
请各位吧友发贴前详读以下内容，以免被删帖封号！, U_NAME=刘德华, TBZT=湖南吧, TZBT=【公告】湖南吧吧规及吧务导航}]2017-10-12 21:12:28  [ priv.sen.server.MyServerHandler.channelRead(MyServerHandler.java:93) ] - [ DEBUG ]  
刘德华2017-10-12 21:12:29  [ priv.sen.server.MyServerHandler.channelRead(MyServerHandler.java:93) ] - [ DEBUG ]  
湖南吧2017-10-12 21:12:29  [ priv.sen.serviece.M_NRServiece2.handlerMessage(M_NRServiece2.java:28) ] - [ DEBUG ]  
select U_NAME,HUI_FU_DATE,HF from huifu where TBZT = '湖南吧' and TZBT = '【公告】湖南吧吧规及吧务导航' order by HUI_FU_DATE2017-10-12 21:12:30  [ priv.sen.serviece.M_NRServiece2.handlerMessage(M_NRServiece2.java:30) ] - [ DEBUG ]  
[{HUI_FU_DATE=2017-10-10 16:24:31, U_NAME=李云龙, HF=尊重自己，尊重他人。文明发贴。健康交流}, {HUI_FU_DATE=2017-10-10 17:27:11, U_NAME=刘德华, HF=二楼}, {HUI_FU_DATE=2017-10-11 19:11:33, U_NAME=刘德华, HF=三楼}, {HUI_FU_DATE=2017-10-11 19:11:56, U_NAME=刘德华, HF=四楼}, {HUI_FU_DATE=2017-10-11 19:13:54, U_NAME=刘德华, HF=五楼}, {HUI_FU_DATE=2017-10-11 19:14:08, U_NAME=刘德华, HF=六楼}, {HUI_FU_DATE=2017-10-11 19:14:59, U_NAME=刘德华, HF=请大家文明交流，和谐发展，互相尊重，尊重别人就是尊重自己！
请对自己的言论和行为负责，掌握好分寸，凡事有个度！
请各位吧友发贴前详读以下内容，以免被删帖封号！}, {HUI_FU_DATE=2017-10-11 19:50:27, U_NAME=刘德华, HF=我是八楼}, {HUI_FU_DATE=2017-10-11 20:19:00, U_NAME=刘德华, HF=我是九楼}, {HUI_FU_DATE=2017-10-11 21:05:23, U_NAME=刘德华, HF=我是10楼}, {HUI_FU_DATE=2017-10-11 21:21:02, U_NAME=刘德华, HF=我是12楼}, {HUI_FU_DATE=2017-10-11 21:21:44, U_NAME=李云龙, HF=我是14楼}, {HUI_FU_DATE=2017-10-11 21:22:13, U_NAME=刘德华, HF=我是刘德华}, {HUI_FU_DATE=2017-10-11 21:50:45, U_NAME=刘德华, HF=请大家文明交流，和谐发展，互相尊重，尊重别人就是尊重自己！
请对自己的言论和行为负责，掌握好分寸，凡事有个度！
请各位吧友发贴前详读以下内容，以免被删帖封号！}, {HUI_FU_DATE=2017-10-11 22:16:04, U_NAME=刘德华, HF=我是刘德华}, {HUI_FU_DATE=2017-10-12 21:00:58, U_NAME=刘德华, HF=我是刘德华}, {HUI_FU_DATE=2017-10-12 21:09:30, U_NAME=刘德华, HF=我是刘德华}, {HUI_FU_DATE=2017-10-12 21:09:39, U_NAME=李云龙, HF=我是李云龙}, {HUI_FU_DATE=2017-10-12 21:09:39, U_NAME=李云龙, HF=我是李云龙}]2017-10-12 21:12:30  [ priv.sen.server.MyServerHandler.channelRead(MyServerHandler.java:93) ] - [ DEBUG ]  
湖南吧2017-10-12 21:12:30  [ priv.sen.serviece.M_NRServiece.handlerMessage(M_NRServiece.java:28) ] - [ DEBUG ]  
select ZW from fatie where TBZT = '湖南吧' and TZBT = '【公告】湖南吧吧规及吧务导航'2017-10-12 21:12:30  [ priv.sen.serviece.M_NRServiece.handlerMessage(M_NRServiece.java:30) ] - [ DEBUG ]  
[{ZW=各位亲爱的小伙伴们：
大家好！欢迎来到百度湖南吧。

湖南吧作为一个交流与讨论平台，每个吧友来自不同的城市，文化差异有所不同，各地方特色也不一样！
请大家文明交流，和谐发展，互相尊重，尊重别人就是尊重自己！
请对自己的言论和行为负责，掌握好分寸，凡事有个度！
请各位吧友发贴前详读以下内容，以免被删帖封号！}]2017-10-12 21:12:30  [ priv.sen.server.MyServerHandler.channelRead(MyServerHandler.java:93) ] - [ DEBUG ]  
刘德华2017-10-12 21:12:30  [ priv.sen.server.MyServerHandler.channelRead(MyServerHandler.java:93) ] - [ DEBUG ]  
刘德华2017-10-12 21:15:12  [ priv.sen.server.MyServerHandler.channelRead(MyServerHandler.java:93) ] - [ DEBUG ]  
刘德华2017-10-12 21:15:13  [ priv.sen.server.MyServerHandler.channelRead(MyServerHandler.java:93) ] - [ DEBUG ]  
刘德华2017-10-12 21:39:00  [ priv.sen.server.MyServerHandler.channelRead(MyServerHandler.java:93) ] - [ DEBUG ]  
1232017-10-12 21:39:00  [ priv.sen.serviece.M_YHServiece.handlerMessage(M_YHServiece.java:23) ] - [ DEBUG ]  
查选用户的sql语句是：select U_NAME,U_PASSWORD from M_YH2017-10-12 21:39:01  [ priv.sen.server.MyServerHandler.channelRead(MyServerHandler.java:93) ] - [ DEBUG ]  
刘德华2017-10-12 21:39:18  [ priv.sen.server.MyServerHandler.channelRead(MyServerHandler.java:93) ] - [ DEBUG ]  
北2017-10-12 21:39:18  [ priv.sen.serviece.S_ZTTBServiece.handlerMessage(S_ZTTBServiece.java:23) ] - [ DEBUG ]  
搜索贴吧的sql语句是:select * from M_ZTTB where U_ZT like '%北%'2017-10-12 21:39:18  [ priv.sen.server.MyServerHandler.channelRead(MyServerHandler.java:93) ] - [ DEBUG ]  
北2017-10-12 21:39:18  [ priv.sen.serviece.S_ZTTBServiece.handlerMessage(S_ZTTBServiece.java:23) ] - [ DEBUG ]  
搜索贴吧的sql语句是:select * from M_ZTTB where U_ZT like '%北%'2017-10-12 21:39:21  [ priv.sen.server.MyServerHandler.channelRead(MyServerHandler.java:93) ] - [ DEBUG ]  
2017-10-12 21:39:26  [ priv.sen.server.MyServerHandler.channelRead(MyServerHandler.java:93) ] - [ DEBUG ]  
海2017-10-12 21:39:26  [ priv.sen.serviece.S_ZTTBServiece.handlerMessage(S_ZTTBServiece.java:23) ] - [ DEBUG ]  
搜索贴吧的sql语句是:select * from M_ZTTB where U_ZT like '%海%'2017-10-12 21:39:26  [ priv.sen.server.MyServerHandler.channelRead(MyServerHandler.java:93) ] - [ DEBUG ]  
海2017-10-12 21:39:26  [ priv.sen.serviece.S_ZTTBServiece.handlerMessage(S_ZTTBServiece.java:23) ] - [ DEBUG ]  
搜索贴吧的sql语句是:select * from M_ZTTB where U_ZT like '%海%'2017-10-12 21:39:28  [ priv.sen.server.MyServerHandler.channelRead(MyServerHandler.java:93) ] - [ DEBUG ]  
2017-10-12 21:39:28  [ priv.sen.server.MyServerHandler.channelRead(MyServerHandler.java:93) ] - [ DEBUG ]  
2017-10-12 21:40:49  [ priv.sen.server.MyServerHandler.channelRead(MyServerHandler.java:93) ] - [ DEBUG ]  
刘德华2017-10-12 21:40:49  [ priv.sen.serviece.W_HFServiece.handlerMessage(W_HFServiece.java:23) ] - [ DEBUG ]  
加载我的回复的sql语句是:select * from huifu where U_NAME = '刘德华' order by HUI_FU_DATE2017-10-12 21:40:49  [ priv.sen.server.MyServerHandler.channelRead(MyServerHandler.java:93) ] - [ DEBUG ]  
刘德华2017-10-12 21:40:49  [ priv.sen.serviece.W_HFServiece.handlerMessage(W_HFServiece.java:23) ] - [ DEBUG ]  
加载我的回复的sql语句是:select * from huifu where U_NAME = '刘德华' order by HUI_FU_DATE2017-10-12 21:40:53  [ priv.sen.server.MyServerHandler.channelRead(MyServerHandler.java:93) ] - [ DEBUG ]  
刘德华2017-10-12 21:40:53  [ priv.sen.serviece.W_TZServiece.handlerMessage(W_TZServiece.java:23) ] - [ DEBUG ]  
加载我的帖子的sql语句是:select * from fatie where U_NAME = '刘德华' order by FA_TIE_DATE2017-10-12 21:40:53  [ priv.sen.server.MyServerHandler.channelRead(MyServerHandler.java:93) ] - [ DEBUG ]  
刘德华2017-10-12 21:42:38  [ priv.sen.server.MyServerHandler.channelRead(MyServerHandler.java:93) ] - [ DEBUG ]  
湖南吧2017-10-12 21:42:38  [ priv.sen.serviece.M_TZServiece.handlerMessage(M_TZServiece.java:28) ] - [ DEBUG ]  
select * from fatie where TBZT = '湖南吧' order by FA_TIE_DATE2017-10-12 21:42:38  [ priv.sen.serviece.M_TZServiece.handlerMessage(M_TZServiece.java:30) ] - [ DEBUG ]  
[{FA_TIE_DATE=2017-10-10 16:21:04, ZW=各位亲爱的小伙伴们：
大家好！欢迎来到百度湖南吧。

湖南吧作为一个交流与讨论平台，每个吧友来自不同的城市，文化差异有所不同，各地方特色也不一样！
请大家文明交流，和谐发展，互相尊重，尊重别人就是尊重自己！
请对自己的言论和行为负责，掌握好分寸，凡事有个度！
请各位吧友发贴前详读以下内容，以免被删帖封号！, U_NAME=刘德华, TBZT=湖南吧, TZBT=【公告】湖南吧吧规及吧务导航}]2017-10-12 21:42:38  [ priv.sen.server.MyServerHandler.channelRead(MyServerHandler.java:93) ] - [ DEBUG ]  
刘德华2017-10-12 21:42:40  [ priv.sen.server.MyServerHandler.channelRead(MyServerHandler.java:93) ] - [ DEBUG ]  
湖南吧2017-10-12 21:42:40  [ priv.sen.serviece.M_NRServiece2.handlerMessage(M_NRServiece2.java:28) ] - [ DEBUG ]  
select U_NAME,HUI_FU_DATE,HF from huifu where TBZT = '湖南吧' and TZBT = '【公告】湖南吧吧规及吧务导航' order by HUI_FU_DATE2017-10-12 21:42:40  [ priv.sen.serviece.M_NRServiece2.handlerMessage(M_NRServiece2.java:30) ] - [ DEBUG ]  
[{HUI_FU_DATE=2017-10-10 16:24:31, U_NAME=李云龙, HF=尊重自己，尊重他人。文明发贴。健康交流}, {HUI_FU_DATE=2017-10-10 17:27:11, U_NAME=刘德华, HF=二楼}, {HUI_FU_DATE=2017-10-11 19:11:33, U_NAME=刘德华, HF=三楼}, {HUI_FU_DATE=2017-10-11 19:11:56, U_NAME=刘德华, HF=四楼}, {HUI_FU_DATE=2017-10-11 19:13:54, U_NAME=刘德华, HF=五楼}, {HUI_FU_DATE=2017-10-11 19:14:08, U_NAME=刘德华, HF=六楼}, {HUI_FU_DATE=2017-10-11 19:14:59, U_NAME=刘德华, HF=请大家文明交流，和谐发展，互相尊重，尊重别人就是尊重自己！
请对自己的言论和行为负责，掌握好分寸，凡事有个度！
请各位吧友发贴前详读以下内容，以免被删帖封号！}, {HUI_FU_DATE=2017-10-11 19:50:27, U_NAME=刘德华, HF=我是八楼}, {HUI_FU_DATE=2017-10-11 20:19:00, U_NAME=刘德华, HF=我是九楼}, {HUI_FU_DATE=2017-10-11 21:05:23, U_NAME=刘德华, HF=我是10楼}, {HUI_FU_DATE=2017-10-11 21:21:02, U_NAME=刘德华, HF=我是12楼}, {HUI_FU_DATE=2017-10-11 21:21:44, U_NAME=李云龙, HF=我是14楼}, {HUI_FU_DATE=2017-10-11 21:22:13, U_NAME=刘德华, HF=我是刘德华}, {HUI_FU_DATE=2017-10-11 21:50:45, U_NAME=刘德华, HF=请大家文明交流，和谐发展，互相尊重，尊重别人就是尊重自己！
请对自己的言论和行为负责，掌握好分寸，凡事有个度！
请各位吧友发贴前详读以下内容，以免被删帖封号！}, {HUI_FU_DATE=2017-10-11 22:16:04, U_NAME=刘德华, HF=我是刘德华}, {HUI_FU_DATE=2017-10-12 21:00:58, U_NAME=刘德华, HF=我是刘德华}, {HUI_FU_DATE=2017-10-12 21:09:30, U_NAME=刘德华, HF=我是刘德华}, {HUI_FU_DATE=2017-10-12 21:09:39, U_NAME=李云龙, HF=我是李云龙}, {HUI_FU_DATE=2017-10-12 21:09:39, U_NAME=李云龙, HF=我是李云龙}]2017-10-12 21:42:40  [ priv.sen.server.MyServerHandler.channelRead(MyServerHandler.java:93) ] - [ DEBUG ]  
湖南吧2017-10-12 21:42:40  [ priv.sen.serviece.M_NRServiece2.handlerMessage(M_NRServiece2.java:28) ] - [ DEBUG ]  
select U_NAME,HUI_FU_DATE,HF from huifu where TBZT = '湖南吧' and TZBT = '【公告】湖南吧吧规及吧务导航' order by HUI_FU_DATE2017-10-12 21:42:40  [ priv.sen.serviece.M_NRServiece2.handlerMessage(M_NRServiece2.java:30) ] - [ DEBUG ]  
[{HUI_FU_DATE=2017-10-10 16:24:31, U_NAME=李云龙, HF=尊重自己，尊重他人。文明发贴。健康交流}, {HUI_FU_DATE=2017-10-10 17:27:11, U_NAME=刘德华, HF=二楼}, {HUI_FU_DATE=2017-10-11 19:11:33, U_NAME=刘德华, HF=三楼}, {HUI_FU_DATE=2017-10-11 19:11:56, U_NAME=刘德华, HF=四楼}, {HUI_FU_DATE=2017-10-11 19:13:54, U_NAME=刘德华, HF=五楼}, {HUI_FU_DATE=2017-10-11 19:14:08, U_NAME=刘德华, HF=六楼}, {HUI_FU_DATE=2017-10-11 19:14:59, U_NAME=刘德华, HF=请大家文明交流，和谐发展，互相尊重，尊重别人就是尊重自己！
请对自己的言论和行为负责，掌握好分寸，凡事有个度！
请各位吧友发贴前详读以下内容，以免被删帖封号！}, {HUI_FU_DATE=2017-10-11 19:50:27, U_NAME=刘德华, HF=我是八楼}, {HUI_FU_DATE=2017-10-11 20:19:00, U_NAME=刘德华, HF=我是九楼}, {HUI_FU_DATE=2017-10-11 21:05:23, U_NAME=刘德华, HF=我是10楼}, {HUI_FU_DATE=2017-10-11 21:21:02, U_NAME=刘德华, HF=我是12楼}, {HUI_FU_DATE=2017-10-11 21:21:44, U_NAME=李云龙, HF=我是14楼}, {HUI_FU_DATE=2017-10-11 21:22:13, U_NAME=刘德华, HF=我是刘德华}, {HUI_FU_DATE=2017-10-11 21:50:45, U_NAME=刘德华, HF=请大家文明交流，和谐发展，互相尊重，尊重别人就是尊重自己！
请对自己的言论和行为负责，掌握好分寸，凡事有个度！
请各位吧友发贴前详读以下内容，以免被删帖封号！}, {HUI_FU_DATE=2017-10-11 22:16:04, U_NAME=刘德华, HF=我是刘德华}, {HUI_FU_DATE=2017-10-12 21:00:58, U_NAME=刘德华, HF=我是刘德华}, {HUI_FU_DATE=2017-10-12 21:09:30, U_NAME=刘德华, HF=我是刘德华}, {HUI_FU_DATE=2017-10-12 21:09:39, U_NAME=李云龙, HF=我是李云龙}, {HUI_FU_DATE=2017-10-12 21:09:39, U_NAME=李云龙, HF=我是李云龙}]2017-10-12 21:42:40  [ priv.sen.server.MyServerHandler.channelRead(MyServerHandler.java:93) ] - [ DEBUG ]  
刘德华2017-10-12 21:42:40  [ priv.sen.server.MyServerHandler.channelRead(MyServerHandler.java:93) ] - [ DEBUG ]  
刘德华2017-10-12 21:42:45  [ priv.sen.server.MyServerHandler.channelRead(MyServerHandler.java:93) ] - [ DEBUG ]  
湖南吧2017-10-12 21:42:45  [ priv.sen.serviece.C_HFServiece.handlerMessage(C_HFServiece.java:35) ] - [ DEBUG ]  
插入回复帖子的sql语句是：insert into huifu (TBZT,TZBT,U_NAME,HUI_FU_DATE,HF) values ('湖南吧','【公告】湖南吧吧规及吧务导航','刘德华','2017-10-12 21:42:45','123456')2017-10-12 21:42:45  [ priv.sen.server.MyServerHandler.channelRead(MyServerHandler.java:93) ] - [ DEBUG ]  
湖南吧2017-10-12 21:42:45  [ priv.sen.serviece.M_NRServiece2.handlerMessage(M_NRServiece2.java:28) ] - [ DEBUG ]  
select U_NAME,HUI_FU_DATE,HF from huifu where TBZT = '湖南吧' and TZBT = '【公告】湖南吧吧规及吧务导航' order by HUI_FU_DATE2017-10-12 21:42:46  [ priv.sen.serviece.M_NRServiece2.handlerMessage(M_NRServiece2.java:30) ] - [ DEBUG ]  
[{HUI_FU_DATE=2017-10-10 16:24:31, U_NAME=李云龙, HF=尊重自己，尊重他人。文明发贴。健康交流}, {HUI_FU_DATE=2017-10-10 17:27:11, U_NAME=刘德华, HF=二楼}, {HUI_FU_DATE=2017-10-11 19:11:33, U_NAME=刘德华, HF=三楼}, {HUI_FU_DATE=2017-10-11 19:11:56, U_NAME=刘德华, HF=四楼}, {HUI_FU_DATE=2017-10-11 19:13:54, U_NAME=刘德华, HF=五楼}, {HUI_FU_DATE=2017-10-11 19:14:08, U_NAME=刘德华, HF=六楼}, {HUI_FU_DATE=2017-10-11 19:14:59, U_NAME=刘德华, HF=请大家文明交流，和谐发展，互相尊重，尊重别人就是尊重自己！
请对自己的言论和行为负责，掌握好分寸，凡事有个度！
请各位吧友发贴前详读以下内容，以免被删帖封号！}, {HUI_FU_DATE=2017-10-11 19:50:27, U_NAME=刘德华, HF=我是八楼}, {HUI_FU_DATE=2017-10-11 20:19:00, U_NAME=刘德华, HF=我是九楼}, {HUI_FU_DATE=2017-10-11 21:05:23, U_NAME=刘德华, HF=我是10楼}, {HUI_FU_DATE=2017-10-11 21:21:02, U_NAME=刘德华, HF=我是12楼}, {HUI_FU_DATE=2017-10-11 21:21:44, U_NAME=李云龙, HF=我是14楼}, {HUI_FU_DATE=2017-10-11 21:22:13, U_NAME=刘德华, HF=我是刘德华}, {HUI_FU_DATE=2017-10-11 21:50:45, U_NAME=刘德华, HF=请大家文明交流，和谐发展，互相尊重，尊重别人就是尊重自己！
请对自己的言论和行为负责，掌握好分寸，凡事有个度！
请各位吧友发贴前详读以下内容，以免被删帖封号！}, {HUI_FU_DATE=2017-10-11 22:16:04, U_NAME=刘德华, HF=我是刘德华}, {HUI_FU_DATE=2017-10-12 21:00:58, U_NAME=刘德华, HF=我是刘德华}, {HUI_FU_DATE=2017-10-12 21:09:30, U_NAME=刘德华, HF=我是刘德华}, {HUI_FU_DATE=2017-10-12 21:09:39, U_NAME=李云龙, HF=我是李云龙}, {HUI_FU_DATE=2017-10-12 21:09:39, U_NAME=李云龙, HF=我是李云龙}, {HUI_FU_DATE=2017-10-12 21:42:45, U_NAME=刘德华, HF=123456}]2017-10-12 21:43:36  [ priv.sen.server.MyServerHandler.channelRead(MyServerHandler.java:93) ] - [ DEBUG ]  
湖南吧2017-10-12 21:43:36  [ priv.sen.serviece.M_NRServiece2.handlerMessage(M_NRServiece2.java:28) ] - [ DEBUG ]  
select U_NAME,HUI_FU_DATE,HF from huifu where TBZT = '湖南吧' and TZBT = '【公告】湖南吧吧规及吧务导航' order by HUI_FU_DATE2017-10-12 21:43:36  [ priv.sen.serviece.M_NRServiece2.handlerMessage(M_NRServiece2.java:30) ] - [ DEBUG ]  
[{HUI_FU_DATE=2017-10-10 16:24:31, U_NAME=李云龙, HF=尊重自己，尊重他人。文明发贴。健康交流}, {HUI_FU_DATE=2017-10-10 17:27:11, U_NAME=刘德华, HF=二楼}, {HUI_FU_DATE=2017-10-11 19:11:33, U_NAME=刘德华, HF=三楼}, {HUI_FU_DATE=2017-10-11 19:11:56, U_NAME=刘德华, HF=四楼}, {HUI_FU_DATE=2017-10-11 19:13:54, U_NAME=刘德华, HF=五楼}, {HUI_FU_DATE=2017-10-11 19:14:08, U_NAME=刘德华, HF=六楼}, {HUI_FU_DATE=2017-10-11 19:14:59, U_NAME=刘德华, HF=请大家文明交流，和谐发展，互相尊重，尊重别人就是尊重自己！
请对自己的言论和行为负责，掌握好分寸，凡事有个度！
请各位吧友发贴前详读以下内容，以免被删帖封号！}, {HUI_FU_DATE=2017-10-11 19:50:27, U_NAME=刘德华, HF=我是八楼}, {HUI_FU_DATE=2017-10-11 20:19:00, U_NAME=刘德华, HF=我是九楼}, {HUI_FU_DATE=2017-10-11 21:05:23, U_NAME=刘德华, HF=我是10楼}, {HUI_FU_DATE=2017-10-11 21:21:02, U_NAME=刘德华, HF=我是12楼}, {HUI_FU_DATE=2017-10-11 21:21:44, U_NAME=李云龙, HF=我是14楼}, {HUI_FU_DATE=2017-10-11 21:22:13, U_NAME=刘德华, HF=我是刘德华}, {HUI_FU_DATE=2017-10-11 21:50:45, U_NAME=刘德华, HF=请大家文明交流，和谐发展，互相尊重，尊重别人就是尊重自己！
请对自己的言论和行为负责，掌握好分寸，凡事有个度！
请各位吧友发贴前详读以下内容，以免被删帖封号！}, {HUI_FU_DATE=2017-10-11 22:16:04, U_NAME=刘德华, HF=我是刘德华}, {HUI_FU_DATE=2017-10-12 21:00:58, U_NAME=刘德华, HF=我是刘德华}, {HUI_FU_DATE=2017-10-12 21:09:30, U_NAME=刘德华, HF=我是刘德华}, {HUI_FU_DATE=2017-10-12 21:09:39, U_NAME=李云龙, HF=我是李云龙}, {HUI_FU_DATE=2017-10-12 21:09:39, U_NAME=李云龙, HF=我是李云龙}, {HUI_FU_DATE=2017-10-12 21:42:45, U_NAME=刘德华, HF=123456}]2017-10-12 21:43:47  [ priv.sen.server.MyServerHandler.channelRead(MyServerHandler.java:93) ] - [ DEBUG ]  
刘德华2017-10-12 21:43:47  [ priv.sen.serviece.W_ZTTBServiece.handlerMessage(W_ZTTBServiece.java:23) ] - [ DEBUG ]  
加载我的贴吧的sql语句是:select * from M_ZTTB where U_NAME = '刘德华' order by U_DATE2017-10-12 21:43:47  [ priv.sen.server.MyServerHandler.channelRead(MyServerHandler.java:93) ] - [ DEBUG ]  
刘德华2017-10-12 21:43:53  [ priv.sen.server.MyServerHandler.channelRead(MyServerHandler.java:93) ] - [ DEBUG ]  
刘德华2017-10-12 21:43:53  [ priv.sen.serviece.W_TZServiece.handlerMessage(W_TZServiece.java:23) ] - [ DEBUG ]  
加载我的帖子的sql语句是:select * from fatie where U_NAME = '刘德华' order by FA_TIE_DATE2017-10-12 21:43:53  [ priv.sen.server.MyServerHandler.channelRead(MyServerHandler.java:93) ] - [ DEBUG ]  
刘德华2017-10-12 21:43:57  [ priv.sen.server.MyServerHandler.channelRead(MyServerHandler.java:93) ] - [ DEBUG ]  
刘德华2017-10-12 21:43:57  [ priv.sen.serviece.W_HFServiece.handlerMessage(W_HFServiece.java:23) ] - [ DEBUG ]  
加载我的回复的sql语句是:select * from huifu where U_NAME = '刘德华' order by HUI_FU_DATE2017-10-12 21:43:57  [ priv.sen.server.MyServerHandler.channelRead(MyServerHandler.java:93) ] - [ DEBUG ]  
刘德华2017-10-12 21:44:09  [ priv.sen.server.MyServerHandler.channelRead(MyServerHandler.java:93) ] - [ DEBUG ]  
海南吧2017-10-12 21:44:09  [ priv.sen.serviece.C_HFServiece.handlerMessage(C_HFServiece.java:35) ] - [ DEBUG ]  
插入回复帖子的sql语句是：insert into huifu (TBZT,TZBT,U_NAME,HUI_FU_DATE,HF) values ('海南吧','【公告】湖南吧吧规及吧务导航','刘德华','2017-10-12 21:44:09','1111')2017-10-12 21:44:10  [ priv.sen.server.MyServerHandler.channelRead(MyServerHandler.java:93) ] - [ DEBUG ]  
海南吧2017-10-12 21:44:10  [ priv.sen.serviece.M_NRServiece2.handlerMessage(M_NRServiece2.java:28) ] - [ DEBUG ]  
select U_NAME,HUI_FU_DATE,HF from huifu where TBZT = '海南吧' and TZBT = '【公告】湖南吧吧规及吧务导航' order by HUI_FU_DATE2017-10-12 21:44:10  [ priv.sen.serviece.M_NRServiece2.handlerMessage(M_NRServiece2.java:30) ] - [ DEBUG ]  
[{HUI_FU_DATE=2017-10-12 21:44:09, U_NAME=刘德华, HF=1111}]2017-10-12 21:54:46  [ priv.sen.server.MyServerHandler.channelRead(MyServerHandler.java:93) ] - [ DEBUG ]  
刘德华2017-10-12 21:54:46  [ priv.sen.serviece.W_TZServiece.handlerMessage(W_TZServiece.java:23) ] - [ DEBUG ]  
加载我的帖子的sql语句是:select * from fatie where U_NAME = '刘德华' order by FA_TIE_DATE2017-10-12 21:54:47  [ priv.sen.server.MyServerHandler.channelRead(MyServerHandler.java:93) ] - [ DEBUG ]  
刘德华2017-10-12 21:55:17  [ priv.sen.server.MyServerHandler.channelRead(MyServerHandler.java:93) ] - [ DEBUG ]  
刘德华2017-10-12 21:55:17  [ priv.sen.serviece.W_ZTTBServiece.handlerMessage(W_ZTTBServiece.java:23) ] - [ DEBUG ]  
加载我的贴吧的sql语句是:select * from M_ZTTB where U_NAME = '刘德华' order by U_DATE2017-10-12 21:55:17  [ priv.sen.server.MyServerHandler.channelRead(MyServerHandler.java:93) ] - [ DEBUG ]  
刘德华2017-10-12 22:01:00  [ priv.sen.server.MyServerHandler.channelRead(MyServerHandler.java:93) ] - [ DEBUG ]  
北京吧2017-10-12 22:01:00  [ priv.sen.serviece.M_TZServiece.handlerMessage(M_TZServiece.java:28) ] - [ DEBUG ]  
select * from fatie where TBZT = '北京吧' order by FA_TIE_DATE2017-10-12 22:01:00  [ priv.sen.serviece.M_TZServiece.handlerMessage(M_TZServiece.java:30) ] - [ DEBUG ]  
[{FA_TIE_DATE=2017-10-10 17:19:57, ZW=故宫, U_NAME=刘德华, TBZT=北京吧, TZBT=北京故宫}]2017-10-12 22:01:00  [ priv.sen.server.MyServerHandler.channelRead(MyServerHandler.java:93) ] - [ DEBUG ]  
刘德华2017-10-12 22:01:13  [ priv.sen.server.MyServerHandler.channelRead(MyServerHandler.java:93) ] - [ DEBUG ]  
湖南吧2017-10-12 22:01:13  [ priv.sen.serviece.M_TZServiece.handlerMessage(M_TZServiece.java:28) ] - [ DEBUG ]  
select * from fatie where TBZT = '湖南吧' order by FA_TIE_DATE2017-10-12 22:01:13  [ priv.sen.serviece.M_TZServiece.handlerMessage(M_TZServiece.java:30) ] - [ DEBUG ]  
[{FA_TIE_DATE=2017-10-10 16:21:04, ZW=各位亲爱的小伙伴们：
大家好！欢迎来到百度湖南吧。

湖南吧作为一个交流与讨论平台，每个吧友来自不同的城市，文化差异有所不同，各地方特色也不一样！
请大家文明交流，和谐发展，互相尊重，尊重别人就是尊重自己！
请对自己的言论和行为负责，掌握好分寸，凡事有个度！
请各位吧友发贴前详读以下内容，以免被删帖封号！, U_NAME=刘德华, TBZT=湖南吧, TZBT=【公告】湖南吧吧规及吧务导航}]2017-10-12 22:01:13  [ priv.sen.server.MyServerHandler.channelRead(MyServerHandler.java:93) ] - [ DEBUG ]  
刘德华2017-10-12 22:01:14  [ priv.sen.server.MyServerHandler.channelRead(MyServerHandler.java:93) ] - [ DEBUG ]  
湖南吧2017-10-12 22:01:14  [ priv.sen.serviece.M_NRServiece2.handlerMessage(M_NRServiece2.java:28) ] - [ DEBUG ]  
select U_NAME,HUI_FU_DATE,HF from huifu where TBZT = '湖南吧' and TZBT = '【公告】湖南吧吧规及吧务导航' order by HUI_FU_DATE2017-10-12 22:01:14  [ priv.sen.serviece.M_NRServiece2.handlerMessage(M_NRServiece2.java:30) ] - [ DEBUG ]  
[{HUI_FU_DATE=2017-10-10 16:24:31, U_NAME=李云龙, HF=尊重自己，尊重他人。文明发贴。健康交流}, {HUI_FU_DATE=2017-10-10 17:27:11, U_NAME=刘德华, HF=二楼}, {HUI_FU_DATE=2017-10-11 19:11:33, U_NAME=刘德华, HF=三楼}, {HUI_FU_DATE=2017-10-11 19:11:56, U_NAME=刘德华, HF=四楼}, {HUI_FU_DATE=2017-10-11 19:13:54, U_NAME=刘德华, HF=五楼}, {HUI_FU_DATE=2017-10-11 19:14:08, U_NAME=刘德华, HF=六楼}, {HUI_FU_DATE=2017-10-11 19:14:59, U_NAME=刘德华, HF=请大家文明交流，和谐发展，互相尊重，尊重别人就是尊重自己！
请对自己的言论和行为负责，掌握好分寸，凡事有个度！
请各位吧友发贴前详读以下内容，以免被删帖封号！}, {HUI_FU_DATE=2017-10-11 19:50:27, U_NAME=刘德华, HF=我是八楼}, {HUI_FU_DATE=2017-10-11 20:19:00, U_NAME=刘德华, HF=我是九楼}, {HUI_FU_DATE=2017-10-11 21:05:23, U_NAME=刘德华, HF=我是10楼}, {HUI_FU_DATE=2017-10-11 21:21:02, U_NAME=刘德华, HF=我是12楼}, {HUI_FU_DATE=2017-10-11 21:21:44, U_NAME=李云龙, HF=我是14楼}, {HUI_FU_DATE=2017-10-11 21:22:13, U_NAME=刘德华, HF=我是刘德华}, {HUI_FU_DATE=2017-10-11 21:50:45, U_NAME=刘德华, HF=请大家文明交流，和谐发展，互相尊重，尊重别人就是尊重自己！
请对自己的言论和行为负责，掌握好分寸，凡事有个度！
请各位吧友发贴前详读以下内容，以免被删帖封号！}, {HUI_FU_DATE=2017-10-11 22:16:04, U_NAME=刘德华, HF=我是刘德华}, {HUI_FU_DATE=2017-10-12 21:00:58, U_NAME=刘德华, HF=我是刘德华}, {HUI_FU_DATE=2017-10-12 21:09:30, U_NAME=刘德华, HF=我是刘德华}, {HUI_FU_DATE=2017-10-12 21:09:39, U_NAME=李云龙, HF=我是李云龙}, {HUI_FU_DATE=2017-10-12 21:09:39, U_NAME=李云龙, HF=我是李云龙}, {HUI_FU_DATE=2017-10-12 21:42:45, U_NAME=刘德华, HF=123456}]2017-10-12 22:01:14  [ priv.sen.server.MyServerHandler.channelRead(MyServerHandler.java:93) ] - [ DEBUG ]  
湖南吧2017-10-12 22:01:14  [ priv.sen.serviece.M_NRServiece.handlerMessage(M_NRServiece.java:28) ] - [ DEBUG ]  
select ZW from fatie where TBZT = '湖南吧' and TZBT = '【公告】湖南吧吧规及吧务导航'2017-10-12 22:01:14  [ priv.sen.serviece.M_NRServiece.handlerMessage(M_NRServiece.java:30) ] - [ DEBUG ]  
[{ZW=各位亲爱的小伙伴们：
大家好！欢迎来到百度湖南吧。

湖南吧作为一个交流与讨论平台，每个吧友来自不同的城市，文化差异有所不同，各地方特色也不一样！
请大家文明交流，和谐发展，互相尊重，尊重别人就是尊重自己！
请对自己的言论和行为负责，掌握好分寸，凡事有个度！
请各位吧友发贴前详读以下内容，以免被删帖封号！}]2017-10-12 22:01:14  [ priv.sen.server.MyServerHandler.channelRead(MyServerHandler.java:93) ] - [ DEBUG ]  
刘德华2017-10-12 22:01:14  [ priv.sen.server.MyServerHandler.channelRead(MyServerHandler.java:93) ] - [ DEBUG ]  
刘德华i2.TieZiFrm.<init>(TieZiFrm.java:135) ] - [ DEBUG ]  
拿到用户点击的贴吧名称:北京吧2017-10-12 22:01:00  [ priv.sen.gui2.TieBaFrm.<init>(TieBaFrm.java:153) ] - [ DEBUG ]  
正在登录...刘德华2017-10-12 22:01:00  [ priv.sen.client.MyClientHandler.channelRead(MyClientHandler.java:49) ] - [ DEBUG ]  
333332017-10-12 22:01:00  [ priv.sen.client.Client.sendMessage(Client.java:70) ] - [ DEBUG ]  
11111111刘德华2017-10-12 22:01:00  [ priv.sen.client.MyClientHandler.channelRead(MyClientHandler.java:49) ] - [ DEBUG ]  
333332017-10-12 22:01:13  [ priv.sen.gui2.TieBaFrm$11.mouseClicked(TieBaFrm.java:513) ] - [ DEBUG ]  
单击鼠标 湖南吧2017-10-12 22:01:13  [ priv.sen.gui2.TieBaFrm$11.mouseClicked(TieBaFrm.java:517) ] - [ DEBUG ]  
贴吧主题是：湖南吧2017-10-12 22:01:13  [ priv.sen.client.Client.sendMessage(Client.java:70) ] - [ DEBUG ]  
11111111湖南吧2017-10-12 22:01:13  [ priv.sen.gui2.TieZiFrm.<init>(TieZiFrm.java:135) ] - [ DEBUG ]  
拿到用户点击的贴吧名称:湖南吧2017-10-12 22:01:13  [ priv.sen.gui2.TieBaFrm.<init>(TieBaFrm.java:153) ] - [ DEBUG ]  
正在登录...刘德华2017-10-12 22:01:13  [ priv.sen.client.MyClientHandler.channelRead(MyClientHandler.java:49) ] - [ DEBUG ]  
333332017-10-12 22:01:13  [ priv.sen.client.Client.sendMessage(Client.java:70) ] - [ DEBUG ]  
11111111刘德华2017-10-12 22:01:13  [ priv.sen.client.MyClientHandler.channelRead(MyClientHandler.java:49) ] - [ DEBUG ]  
333332017-10-12 22:01:14  [ priv.sen.gui2.TieZiFrm$5.mouseClicked(TieZiFrm.java:319) ] - [ DEBUG ]  
单击鼠标的帖子是： 【公告】湖南吧吧规及吧务导航2017-10-12 22:01:14  [ priv.sen.gui2.TieZiFrm$5.mouseClicked(TieZiFrm.java:324) ] - [ DEBUG ]  
贴吧主题是：湖南吧2017-10-12 22:01:14  [ priv.sen.gui2.TieZiFrm$5.mouseClicked(TieZiFrm.java:325) ] - [ DEBUG ]  
帖子标题是：【公告】湖南吧吧规及吧务导航2017-10-12 22:01:14  [ priv.sen.client.Client.sendMessage(Client.java:70) ] - [ DEBUG ]  
11111111湖南吧2017-10-12 22:01:14  [ priv.sen.client.MyClientHandler.channelRead(MyClientHandler.java:49) ] - [ DEBUG ]  
333332017-10-12 22:01:14  [ priv.sen.client.Client.sendMessage(Client.java:70) ] - [ DEBUG ]  
11111111湖南吧2017-10-12 22:01:14  [ priv.sen.gui2.NeiRongFrm3.<init>(NeiRongFrm3.java:167) ] - [ DEBUG ]  
拿到用户点击的帖子标题:【公告】湖南吧吧规及吧务导航2017-10-12 22:01:14  [ priv.sen.gui2.TieZiFrm.<init>(TieZiFrm.java:135) ] - [ DEBUG ]  
拿到用户点击的贴吧名称:湖南吧2017-10-12 22:01:14  [ priv.sen.gui2.TieBaFrm.<init>(TieBaFrm.java:153) ] - [ DEBUG ]  
正在登录...刘德华2017-10-12 22:01:14  [ priv.sen.gui2.TieZiFrm$5$2.handlerMessage(TieZiFrm.java:367) ] - [ DEBUG ]  
正文是:各位亲爱的小伙伴们：
大家好！欢迎来到百度湖南吧。

湖南吧作为一个交流与讨论平台，每个吧友来自不同的城市，文化差异有所不同，各地方特色也不一样！
请大家文明交流，和谐发展，互相尊重，尊重别人就是尊重自己！
请对自己的言论和行为负责，掌握好分寸，凡事有个度！
请各位吧友发贴前详读以下内容，以免被删帖封号！2017-10-12 22:01:14  [ priv.sen.client.MyClientHandler.channelRead(MyClientHandler.java:49) ] - [ DEBUG ]  
333332017-10-12 22:01:14  [ priv.sen.client.Client.sendMessage(Client.java:70) ] - [ DEBUG ]  
11111111刘德华2017-10-12 22:01:14  [ priv.sen.gui2.TieZiFrm.<init>(TieZiFrm.java:135) ] - [ DEBUG ]  
拿到用户点击的贴吧名称:湖南吧2017-10-12 22:01:14  [ priv.sen.gui2.TieBaFrm.<init>(TieBaFrm.java:153) ] - [ DEBUG ]  
正在登录...刘德华2017-10-12 22:01:14  [ priv.sen.client.MyClientHandler.channelRead(MyClientHandler.java:49) ] - [ DEBUG ]  
333332017-10-12 22:01:14  [ priv.sen.client.Client.sendMessage(Client.java:70) ] - [ DEBUG ]  
11111111刘德华2017-10-12 22:01:14  [ priv.sen.client.MyClientHandler.channelRead(MyClientHandler.java:49) ] - [ DEBUG ]  
33333